[ 2020-04-08T20:16:06+08:00 ] 127.0.0.1 /admin/Pubss/login/intotoken/1uasd2kg0ds8sjda2DdvaKknJssWIda
INFO: [ app_init ] --START--
INFO: Run Behavior\BuildLiteBehavior [ RunTime:0.000007s ]
INFO: [ app_init ] --END-- [ RunTime:0.000035s ]
INFO: [ app_begin ] --START--
INFO: Run Behavior\ReadHtmlCacheBehavior [ RunTime:0.000664s ]
INFO: Run Common\Behavior\CheckLangBehavior [ RunTime:0.001402s ]
INFO: [ app_begin ] --END-- [ RunTime:0.002111s ]
INFO: [ view_parse ] --START--
INFO: [ template_filter ] --START--
INFO: Run Behavior\ContentReplaceBehavior [ RunTime:0.000068s ]
INFO: [ template_filter ] --END-- [ RunTime:0.000094s ]
INFO: Run Behavior\ParseTemplateBehavior [ RunTime:0.014408s ]
INFO: [ view_parse ] --END-- [ RunTime:0.014435s ]
INFO: [ view_filter ] --START--
INFO: Run Behavior\WriteHtmlCacheBehavior [ RunTime:0.000379s ]
INFO: [ view_filter ] --END-- [ RunTime:0.000395s ]
INFO: [ app_end ] --START--
INFO: Run Behavior\ShowPageTraceBehavior [ RunTime:0.000549s ]
INFO: [ app_end ] --END-- [ RunTime:0.000568s ]

[ 2020-04-08T20:16:13+08:00 ] 127.0.0.1 /Admin/pubss/login.html?intotoken=1uasd2kg0ds8sjda2DdvaKknJssWIda
INFO: [ app_init ] --START--
INFO: Run Behavior\BuildLiteBehavior [ RunTime:0.000006s ]
INFO: [ app_init ] --END-- [ RunTime:0.000031s ]
INFO: [ app_begin ] --START--
INFO: Run Behavior\ReadHtmlCacheBehavior [ RunTime:0.000870s ]
INFO: Run Common\Behavior\CheckLangBehavior [ RunTime:0.001445s ]
INFO: [ app_begin ] --END-- [ RunTime:0.002383s ]
NOTIC: [2] Use of undefined constant MODEL_INSERT - assumed 'MODEL_INSERT' (this will throw an Error in a future version of PHP) E:\ud.xiangxin.me\ThinkPHP\Common\functions.php 第 588 行.
SQL: SHOW COLUMNS FROM `ysk_admin` [ RunTime:0.0037s ]
SQL: SELECT * FROM `ysk_admin` WHERE `username` = 'admin' AND `status` = 1 LIMIT 1   [ RunTime:0.0028s ]
NOTIC: [8] Undefined index: avatar E:\ud.xiangxin.me\APP\Admin\Model\ManageModel.class.php 第 91 行.
SQL: SHOW COLUMNS FROM `ysk_upload` [ RunTime:0.0028s ]
NOTIC: [8] Undefined index: email E:\ud.xiangxin.me\APP\Admin\Model\ManageModel.class.php 第 94 行.
SQL: SHOW COLUMNS FROM `ysk_group` [ RunTime:0.0022s ]
SQL: SELECT * FROM `ysk_group` WHERE `id` = 1 LIMIT 1   [ RunTime:0.0025s ]
NOTIC: [8] Undefined index: avatar E:\ud.xiangxin.me\APP\Admin\Model\ManageModel.class.php 第 189 行.

[ 2020-04-08T20:16:15+08:00 ] 127.0.0.1 /Admin/Index/index.html
INFO: [ app_init ] --START--
INFO: Run Behavior\BuildLiteBehavior [ RunTime:0.000006s ]
INFO: [ app_init ] --END-- [ RunTime:0.000029s ]
INFO: [ app_begin ] --START--
INFO: Run Behavior\ReadHtmlCacheBehavior [ RunTime:0.000402s ]
INFO: Run Common\Behavior\CheckLangBehavior [ RunTime:0.000978s ]
INFO: [ app_begin ] --END-- [ RunTime:0.001421s ]
NOTIC: [2] Use of undefined constant MODEL_INSERT - assumed 'MODEL_INSERT' (this will throw an Error in a future version of PHP) E:\ud.xiangxin.me\ThinkPHP\Common\functions.php 第 588 行.
SQL: SHOW COLUMNS FROM `ysk_admin` [ RunTime:0.0017s ]
SQL: SHOW COLUMNS FROM `ysk_menu` [ RunTime:0.0032s ]
SQL: SELECT `pid`,`gid`,`name` FROM `ysk_menu` WHERE `col` = 'Index' AND `status` = 1 AND `level` = 2 LIMIT 1   [ RunTime:0.0030s ]
SQL: SELECT `name` FROM `ysk_menu` WHERE `id` = null LIMIT 1   [ RunTime:0.0003s ]
SQL: SELECT `name` FROM `ysk_menu` WHERE `id` = null LIMIT 1   [ RunTime:0.0002s ]
NOTIC: [8] Undefined index: gid E:\ud.xiangxin.me\APP\Admin\Controller\AdminController.class.php 第 56 行.
SQL: SHOW COLUMNS FROM `ysk_admin` [ RunTime:0.0014s ]
SQL: SELECT `auth_id` FROM `ysk_admin` WHERE `id` = 1 LIMIT 1   [ RunTime:0.0016s ]
SQL: SELECT * FROM `ysk_menu` WHERE `status` = 1 AND `level` = 1 AND `gid` = 1 ORDER BY sort asc, id asc  [ RunTime:0.0008s ]
SQL: SELECT * FROM `ysk_menu` WHERE `status` = 1 AND `level` = 2 AND `gid` = 1 ORDER BY sort asc, id asc  [ RunTime:0.0007s ]
SQL: SELECT `auth_id` FROM `ysk_admin` WHERE `id` = 1 LIMIT 1   [ RunTime:0.0004s ]
SQL: SELECT * FROM `ysk_menu` WHERE `status` = 1 AND `level` = 0 ORDER BY sort asc, id asc  [ RunTime:0.0005s ]
SQL: SELECT `col`,`act` FROM `ysk_menu` WHERE `level` = 2 AND `gid` = 1 ORDER BY sort asc, id asc LIMIT 1   [ RunTime:0.0004s ]
SQL: SELECT COUNT(1) AS tp_count FROM `ysk_menu` WHERE `col` = 'Index' AND `act` = 'index' LIMIT 1   [ RunTime:0.0008s ]
SQL: SHOW COLUMNS FROM `ysk_user` [ RunTime:0.0015s ]
SQL: SELECT COUNT(*) AS tp_count FROM `ysk_user` LIMIT 1   [ RunTime:0.0012s ]
SQL: SELECT COUNT(*) AS tp_count FROM `ysk_user` WHERE ( reg_date BETWEEN 1586275200 AND 1586361600 ) LIMIT 1   [ RunTime:0.0003s ]
SQL: SELECT SUM(money) AS tp_sum FROM `ysk_user` LIMIT 1   [ RunTime:0.0002s ]
SQL: SHOW COLUMNS FROM `ysk_recharge` [ RunTime:0.0027s ]
SQL: SELECT SUM(price) AS tp_sum FROM `ysk_recharge` WHERE ( status = 3 ) LIMIT 1   [ RunTime:0.0030s ]
SQL: SELECT SUM(price) AS tp_sum FROM `ysk_recharge` WHERE ( status = 3 and addtime BETWEEN 1586275200 AND 1586361600 ) LIMIT 1   [ RunTime:0.0004s ]
SQL: SHOW COLUMNS FROM `ysk_withdraw` [ RunTime:0.0029s ]
SQL: SELECT SUM(price) AS tp_sum FROM `ysk_withdraw` WHERE ( status = 3 ) LIMIT 1   [ RunTime:0.0028s ]
SQL: SHOW COLUMNS FROM `ysk_userrob` [ RunTime:0.0026s ]
SQL: SELECT COUNT(*) AS tp_count FROM `ysk_userrob` WHERE `status` = 2 LIMIT 1   [ RunTime:0.0028s ]
SQL: SELECT COUNT(*) AS tp_count FROM `ysk_userrob` WHERE `status` = 1 LIMIT 1   [ RunTime:0.0002s ]
SQL: SELECT COUNT(*) AS tp_count FROM `ysk_userrob` WHERE `status` = 3 LIMIT 1   [ RunTime:0.0002s ]
SQL: SELECT SUM(price) AS tp_sum FROM `ysk_userrob` WHERE `status` = 3 LIMIT 1   [ RunTime:0.0002s ]
SQL: SELECT SUM(price) AS tp_sum FROM `ysk_userrob` WHERE `status` = 2 LIMIT 1   [ RunTime:0.0002s ]
SQL: SHOW COLUMNS FROM `ysk_roborder` [ RunTime:0.0024s ]
SQL: SELECT SUM(price) AS tp_sum FROM `ysk_roborder` WHERE `status` = 1 LIMIT 1   [ RunTime:0.0030s ]
SQL: SELECT COUNT(*) AS tp_count FROM `ysk_roborder` WHERE `status` = 1 LIMIT 1   [ RunTime:0.0003s ]
SQL: SHOW COLUMNS FROM `ysk_somebill` [ RunTime:0.0024s ]
SQL: SELECT SUM(num) AS tp_sum FROM `ysk_somebill` WHERE `jl_class` = 1 LIMIT 1   [ RunTime:0.0024s ]
INFO: [ view_parse ] --START--
INFO: [ template_filter ] --START--
INFO: Run Behavior\ContentReplaceBehavior [ RunTime:0.000118s ]
INFO: [ template_filter ] --END-- [ RunTime:0.000142s ]
NOTIC: [8] Undefined variable: _user_auth E:\ud.xiangxin.me\APP\Runtime\Cache\Admin\4d73593ea9413cb83b430e59017e71c1.php 第 70 行.
INFO: Run Behavior\ParseTemplateBehavior [ RunTime:0.008549s ]
INFO: [ view_parse ] --END-- [ RunTime:0.008572s ]
INFO: [ view_filter ] --START--
INFO: Run Behavior\WriteHtmlCacheBehavior [ RunTime:0.000415s ]
INFO: [ view_filter ] --END-- [ RunTime:0.000435s ]
INFO: [ app_end ] --START--
INFO: Run Behavior\ShowPageTraceBehavior [ RunTime:0.000537s ]
INFO: [ app_end ] --END-- [ RunTime:0.000569s ]

[ 2020-04-08T20:16:18+08:00 ] 127.0.0.1 /Admin/User/regmanage.html
INFO: [ app_init ] --START--
INFO: Run Behavior\BuildLiteBehavior [ RunTime:0.000007s ]
INFO: [ app_init ] --END-- [ RunTime:0.000032s ]
INFO: [ app_begin ] --START--
INFO: Run Behavior\ReadHtmlCacheBehavior [ RunTime:0.000590s ]
INFO: Run Common\Behavior\CheckLangBehavior [ RunTime:0.001364s ]
INFO: [ app_begin ] --END-- [ RunTime:0.002016s ]
NOTIC: [2] Declaration of Admin\Controller\UserController::setStatus($model = Admin\Controller\CONTROLLER_NAME) should be compatible with Admin\Controller\AdminController::setStatus($model = Admin\Controller\CONTROLLER_NAME, $script = false) E:\ud.xiangxin.me\APP\Admin\Controller\UserController.class.php 第 8 行.
NOTIC: [2] Use of undefined constant MODEL_INSERT - assumed 'MODEL_INSERT' (this will throw an Error in a future version of PHP) E:\ud.xiangxin.me\ThinkPHP\Common\functions.php 第 588 行.
SQL: SHOW COLUMNS FROM `ysk_admin` [ RunTime:0.0030s ]
SQL: SHOW COLUMNS FROM `ysk_group` [ RunTime:0.0015s ]
SQL: SHOW COLUMNS FROM `ysk_menu` [ RunTime:0.0017s ]
SQL: SHOW COLUMNS FROM `ysk_admin` [ RunTime:0.0013s ]
SQL: SELECT `auth_id` FROM `ysk_admin` WHERE `id` = 1 LIMIT 1   [ RunTime:0.0019s ]
SQL: SELECT `pid`,`gid`,`name` FROM `ysk_menu` WHERE `col` = 'User' AND `status` = 1 AND `level` = 2 LIMIT 1   [ RunTime:0.0015s ]
SQL: SELECT `name` FROM `ysk_menu` WHERE `id` = 7 LIMIT 1   [ RunTime:0.0003s ]
SQL: SELECT `name` FROM `ysk_menu` WHERE `id` = 1 LIMIT 1   [ RunTime:0.0003s ]
SQL: SELECT `auth_id` FROM `ysk_admin` WHERE `id` = 1 LIMIT 1   [ RunTime:0.0002s ]
SQL: SELECT * FROM `ysk_menu` WHERE `status` = 1 AND `level` = 1 AND `gid` = 1 ORDER BY sort asc, id asc  [ RunTime:0.0004s ]
SQL: SELECT * FROM `ysk_menu` WHERE `status` = 1 AND `level` = 2 AND `gid` = 1 ORDER BY sort asc, id asc  [ RunTime:0.0006s ]
SQL: SELECT `auth_id` FROM `ysk_admin` WHERE `id` = 1 LIMIT 1   [ RunTime:0.0004s ]
SQL: SELECT * FROM `ysk_menu` WHERE `status` = 1 AND `level` = 0 ORDER BY sort asc, id asc  [ RunTime:0.0009s ]
SQL: SELECT `col`,`act` FROM `ysk_menu` WHERE `level` = 2 AND `gid` = 1 ORDER BY sort asc, id asc LIMIT 1   [ RunTime:0.0008s ]
SQL: SELECT COUNT(1) AS tp_count FROM `ysk_menu` WHERE `col` = 'User' AND `act` = 'regmanage' LIMIT 1   [ RunTime:0.0008s ]
SQL: SHOW COLUMNS FROM `ysk_user` [ RunTime:0.0022s ]
SQL: SELECT COUNT(*) AS tp_count FROM `ysk_user` WHERE `real` IN ('-1','0') LIMIT 1   [ RunTime:0.0013s ]
SQL: SELECT * FROM `ysk_user` WHERE `real` IN ('-1','0') ORDER BY userid desc LIMIT 0,50   [ RunTime:0.0005s ]
INFO: [ view_parse ] --START--
INFO: [ template_filter ] --START--
INFO: Run Behavior\ContentReplaceBehavior [ RunTime:0.000111s ]
INFO: [ template_filter ] --END-- [ RunTime:0.000134s ]
NOTIC: [8] Undefined variable: _user_auth E:\ud.xiangxin.me\APP\Runtime\Cache\Admin\3b9017cb91ba0b670104013a3d5c8e90.php 第 75 行.
NOTIC: [8] Undefined index: keyword E:\ud.xiangxin.me\APP\Runtime\Cache\Admin\3b9017cb91ba0b670104013a3d5c8e90.php 第 157 行.
INFO: Run Behavior\ParseTemplateBehavior [ RunTime:0.009275s ]
INFO: [ view_parse ] --END-- [ RunTime:0.009305s ]
INFO: [ view_filter ] --START--
INFO: Run Behavior\WriteHtmlCacheBehavior [ RunTime:0.000480s ]
INFO: [ view_filter ] --END-- [ RunTime:0.000508s ]
INFO: [ app_end ] --START--
INFO: Run Behavior\ShowPageTraceBehavior [ RunTime:0.000864s ]
INFO: [ app_end ] --END-- [ RunTime:0.000904s ]

[ 2020-04-08T20:16:26+08:00 ] 127.0.0.1 /Admin/User/index.html
INFO: [ app_init ] --START--
INFO: Run Behavior\BuildLiteBehavior [ RunTime:0.000008s ]
INFO: [ app_init ] --END-- [ RunTime:0.000036s ]
INFO: [ app_begin ] --START--
INFO: Run Behavior\ReadHtmlCacheBehavior [ RunTime:0.000472s ]
INFO: Run Common\Behavior\CheckLangBehavior [ RunTime:0.001154s ]
INFO: [ app_begin ] --END-- [ RunTime:0.001674s ]
NOTIC: [2] Declaration of Admin\Controller\UserController::setStatus($model = Admin\Controller\CONTROLLER_NAME) should be compatible with Admin\Controller\AdminController::setStatus($model = Admin\Controller\CONTROLLER_NAME, $script = false) E:\ud.xiangxin.me\APP\Admin\Controller\UserController.class.php 第 8 行.
NOTIC: [2] Use of undefined constant MODEL_INSERT - assumed 'MODEL_INSERT' (this will throw an Error in a future version of PHP) E:\ud.xiangxin.me\ThinkPHP\Common\functions.php 第 588 行.
SQL: SHOW COLUMNS FROM `ysk_admin` [ RunTime:0.0018s ]
SQL: SHOW COLUMNS FROM `ysk_group` [ RunTime:0.0012s ]
SQL: SHOW COLUMNS FROM `ysk_menu` [ RunTime:0.0012s ]
SQL: SHOW COLUMNS FROM `ysk_admin` [ RunTime:0.0010s ]
SQL: SELECT `auth_id` FROM `ysk_admin` WHERE `id` = 1 LIMIT 1   [ RunTime:0.0011s ]
SQL: SELECT `pid`,`gid`,`name` FROM `ysk_menu` WHERE `col` = 'User' AND `status` = 1 AND `level` = 2 LIMIT 1   [ RunTime:0.0015s ]
SQL: SELECT `name` FROM `ysk_menu` WHERE `id` = 7 LIMIT 1   [ RunTime:0.0003s ]
SQL: SELECT `name` FROM `ysk_menu` WHERE `id` = 1 LIMIT 1   [ RunTime:0.0002s ]
SQL: SELECT `auth_id` FROM `ysk_admin` WHERE `id` = 1 LIMIT 1   [ RunTime:0.0002s ]
SQL: SELECT * FROM `ysk_menu` WHERE `status` = 1 AND `level` = 1 AND `gid` = 1 ORDER BY sort asc, id asc  [ RunTime:0.0007s ]
SQL: SELECT * FROM `ysk_menu` WHERE `status` = 1 AND `level` = 2 AND `gid` = 1 ORDER BY sort asc, id asc  [ RunTime:0.0007s ]
SQL: SELECT `auth_id` FROM `ysk_admin` WHERE `id` = 1 LIMIT 1   [ RunTime:0.0003s ]
SQL: SELECT * FROM `ysk_menu` WHERE `status` = 1 AND `level` = 0 ORDER BY sort asc, id asc  [ RunTime:0.0004s ]
SQL: SELECT `col`,`act` FROM `ysk_menu` WHERE `level` = 2 AND `gid` = 1 ORDER BY sort asc, id asc LIMIT 1   [ RunTime:0.0003s ]
SQL: SELECT COUNT(1) AS tp_count FROM `ysk_menu` WHERE `col` = 'User' AND `act` = 'index' LIMIT 1   [ RunTime:0.0003s ]
SQL: SHOW COLUMNS FROM `ysk_user` [ RunTime:0.0013s ]
SQL: SELECT COUNT(*) AS tp_count FROM `ysk_user` LIMIT 1   [ RunTime:0.0011s ]
SQL: SELECT * FROM `ysk_user` ORDER BY userid desc LIMIT 0,50   [ RunTime:0.0004s ]
SQL: SHOW COLUMNS FROM `ysk_regpath` [ RunTime:0.0030s ]
SQL: SELECT COUNT(*) AS tp_count FROM `ysk_regpath` WHERE `uid` = 23 AND `lown` = 1 LIMIT 1   [ RunTime:0.0025s ]
SQL: SELECT COUNT(*) AS tp_count FROM `ysk_regpath` WHERE `uid` = 23 LIMIT 1   [ RunTime:0.0004s ]
SQL: SELECT COUNT(*) AS tp_count FROM `ysk_regpath` WHERE `uid` = 22 AND `lown` = 1 LIMIT 1   [ RunTime:0.0003s ]
SQL: SELECT COUNT(*) AS tp_count FROM `ysk_regpath` WHERE `uid` = 22 LIMIT 1   [ RunTime:0.0003s ]
INFO: [ view_parse ] --START--
INFO: [ template_filter ] --START--
INFO: Run Behavior\ContentReplaceBehavior [ RunTime:0.000125s ]
INFO: [ template_filter ] --END-- [ RunTime:0.000150s ]
NOTIC: [8] Undefined variable: _user_auth E:\ud.xiangxin.me\APP\Runtime\Cache\Admin\60dda32da550c2bcadbf7e515086a5c1.php 第 75 行.
NOTIC: [8] Undefined index: keyword E:\ud.xiangxin.me\APP\Runtime\Cache\Admin\60dda32da550c2bcadbf7e515086a5c1.php 第 157 行.
SQL: SELECT COUNT(*) AS tp_count FROM `ysk_user` WHERE `pid` = 23 LIMIT 1   [ RunTime:0.0014s ]
SQL: SELECT * FROM `ysk_user` WHERE `userid` = 22 LIMIT 1   [ RunTime:0.0003s ]
SQL: SELECT COUNT(*) AS tp_count FROM `ysk_user` WHERE `pid` = 22 LIMIT 1   [ RunTime:0.0002s ]
SQL: SELECT * FROM `ysk_user` WHERE `userid` = 0 LIMIT 1   [ RunTime:0.0002s ]
INFO: Run Behavior\ParseTemplateBehavior [ RunTime:0.011807s ]
INFO: [ view_parse ] --END-- [ RunTime:0.011829s ]
INFO: [ view_filter ] --START--
INFO: Run Behavior\WriteHtmlCacheBehavior [ RunTime:0.000444s ]
INFO: [ view_filter ] --END-- [ RunTime:0.000461s ]
INFO: [ app_end ] --START--
INFO: Run Behavior\ShowPageTraceBehavior [ RunTime:0.000599s ]
INFO: [ app_end ] --END-- [ RunTime:0.000626s ]

[ 2020-04-08T20:16:31+08:00 ] 127.0.0.1 /Admin/User/adminrecharge/userid/22.html
INFO: [ app_init ] --START--
INFO: Run Behavior\BuildLiteBehavior [ RunTime:0.000006s ]
INFO: [ app_init ] --END-- [ RunTime:0.000028s ]
INFO: [ app_begin ] --START--
INFO: Run Behavior\ReadHtmlCacheBehavior [ RunTime:0.000495s ]
INFO: Run Common\Behavior\CheckLangBehavior [ RunTime:0.001249s ]
INFO: [ app_begin ] --END-- [ RunTime:0.001809s ]
NOTIC: [2] Declaration of Admin\Controller\UserController::setStatus($model = Admin\Controller\CONTROLLER_NAME) should be compatible with Admin\Controller\AdminController::setStatus($model = Admin\Controller\CONTROLLER_NAME, $script = false) E:\ud.xiangxin.me\APP\Admin\Controller\UserController.class.php 第 8 行.
NOTIC: [2] Use of undefined constant MODEL_INSERT - assumed 'MODEL_INSERT' (this will throw an Error in a future version of PHP) E:\ud.xiangxin.me\ThinkPHP\Common\functions.php 第 588 行.
SQL: SHOW COLUMNS FROM `ysk_admin` [ RunTime:0.0018s ]
SQL: SHOW COLUMNS FROM `ysk_group` [ RunTime:0.0013s ]
SQL: SHOW COLUMNS FROM `ysk_menu` [ RunTime:0.0012s ]
SQL: SHOW COLUMNS FROM `ysk_admin` [ RunTime:0.0014s ]
SQL: SELECT `auth_id` FROM `ysk_admin` WHERE `id` = 1 LIMIT 1   [ RunTime:0.0017s ]
SQL: SELECT `pid`,`gid`,`name` FROM `ysk_menu` WHERE `col` = 'User' AND `status` = 1 AND `level` = 2 LIMIT 1   [ RunTime:0.0017s ]
SQL: SELECT `name` FROM `ysk_menu` WHERE `id` = 7 LIMIT 1   [ RunTime:0.0003s ]
SQL: SELECT `name` FROM `ysk_menu` WHERE `id` = 1 LIMIT 1   [ RunTime:0.0002s ]
SQL: SELECT `auth_id` FROM `ysk_admin` WHERE `id` = 1 LIMIT 1   [ RunTime:0.0003s ]
SQL: SELECT * FROM `ysk_menu` WHERE `status` = 1 AND `level` = 1 AND `gid` = 1 ORDER BY sort asc, id asc  [ RunTime:0.0005s ]
SQL: SELECT * FROM `ysk_menu` WHERE `status` = 1 AND `level` = 2 AND `gid` = 1 ORDER BY sort asc, id asc  [ RunTime:0.0005s ]
SQL: SELECT `auth_id` FROM `ysk_admin` WHERE `id` = 1 LIMIT 1   [ RunTime:0.0002s ]
SQL: SELECT * FROM `ysk_menu` WHERE `status` = 1 AND `level` = 0 ORDER BY sort asc, id asc  [ RunTime:0.0004s ]
SQL: SELECT `col`,`act` FROM `ysk_menu` WHERE `level` = 2 AND `gid` = 1 ORDER BY sort asc, id asc LIMIT 1   [ RunTime:0.0004s ]
SQL: SELECT COUNT(1) AS tp_count FROM `ysk_menu` WHERE `col` = 'User' AND `act` = 'adminrecharge' LIMIT 1   [ RunTime:0.0004s ]
SQL: SHOW COLUMNS FROM `ysk_user` [ RunTime:0.0014s ]
SQL: SELECT * FROM `ysk_user` WHERE `userid` = 22 LIMIT 1   [ RunTime:0.0012s ]
INFO: [ view_parse ] --START--
INFO: [ template_filter ] --START--
INFO: Run Behavior\ContentReplaceBehavior [ RunTime:0.000107s ]
INFO: [ template_filter ] --END-- [ RunTime:0.000137s ]
NOTIC: [8] Undefined variable: _user_auth E:\ud.xiangxin.me\APP\Runtime\Cache\Admin\540e51629934de099727f1afba9c0afc.php 第 73 行.
INFO: Run Behavior\ParseTemplateBehavior [ RunTime:0.007398s ]
INFO: [ view_parse ] --END-- [ RunTime:0.007423s ]
INFO: [ view_filter ] --START--
INFO: Run Behavior\WriteHtmlCacheBehavior [ RunTime:0.000494s ]
INFO: [ view_filter ] --END-- [ RunTime:0.000527s ]
INFO: [ app_end ] --START--
INFO: Run Behavior\ShowPageTraceBehavior [ RunTime:0.000673s ]
INFO: [ app_end ] --END-- [ RunTime:0.000716s ]

[ 2020-04-08T20:27:45+08:00 ] 127.0.0.1 /Admin/User/adminrecharge/userid/22.html
INFO: [ app_init ] --START--
INFO: Run Behavior\BuildLiteBehavior [ RunTime:0.000006s ]
INFO: [ app_init ] --END-- [ RunTime:0.000028s ]
INFO: [ app_begin ] --START--
INFO: Run Behavior\ReadHtmlCacheBehavior [ RunTime:0.000491s ]
INFO: Run Common\Behavior\CheckLangBehavior [ RunTime:0.001098s ]
INFO: [ app_begin ] --END-- [ RunTime:0.001657s ]
NOTIC: [2] Declaration of Admin\Controller\UserController::setStatus($model = Admin\Controller\CONTROLLER_NAME) should be compatible with Admin\Controller\AdminController::setStatus($model = Admin\Controller\CONTROLLER_NAME, $script = false) E:\ud.xiangxin.me\APP\Admin\Controller\UserController.class.php 第 8 行.
NOTIC: [2] Use of undefined constant MODEL_INSERT - assumed 'MODEL_INSERT' (this will throw an Error in a future version of PHP) E:\ud.xiangxin.me\ThinkPHP\Common\functions.php 第 588 行.
SQL: SHOW COLUMNS FROM `ysk_admin` [ RunTime:0.0013s ]
SQL: SHOW COLUMNS FROM `ysk_group` [ RunTime:0.0013s ]
SQL: SHOW COLUMNS FROM `ysk_menu` [ RunTime:0.0013s ]
SQL: SHOW COLUMNS FROM `ysk_admin` [ RunTime:0.0014s ]
SQL: SELECT `auth_id` FROM `ysk_admin` WHERE `id` = 1 LIMIT 1   [ RunTime:0.0015s ]
SQL: SELECT `pid`,`gid`,`name` FROM `ysk_menu` WHERE `col` = 'User' AND `status` = 1 AND `level` = 2 LIMIT 1   [ RunTime:0.0014s ]
SQL: SELECT `name` FROM `ysk_menu` WHERE `id` = 7 LIMIT 1   [ RunTime:0.0003s ]
SQL: SELECT `name` FROM `ysk_menu` WHERE `id` = 1 LIMIT 1   [ RunTime:0.0002s ]
SQL: SELECT `auth_id` FROM `ysk_admin` WHERE `id` = 1 LIMIT 1   [ RunTime:0.0002s ]
SQL: SELECT * FROM `ysk_menu` WHERE `status` = 1 AND `level` = 1 AND `gid` = 1 ORDER BY sort asc, id asc  [ RunTime:0.0005s ]
SQL: SELECT * FROM `ysk_menu` WHERE `status` = 1 AND `level` = 2 AND `gid` = 1 ORDER BY sort asc, id asc  [ RunTime:0.0005s ]
SQL: SELECT `auth_id` FROM `ysk_admin` WHERE `id` = 1 LIMIT 1   [ RunTime:0.0003s ]
SQL: SELECT * FROM `ysk_menu` WHERE `status` = 1 AND `level` = 0 ORDER BY sort asc, id asc  [ RunTime:0.0004s ]
SQL: SELECT `col`,`act` FROM `ysk_menu` WHERE `level` = 2 AND `gid` = 1 ORDER BY sort asc, id asc LIMIT 1   [ RunTime:0.0004s ]
SQL: SELECT COUNT(1) AS tp_count FROM `ysk_menu` WHERE `col` = 'User' AND `act` = 'adminrecharge' LIMIT 1   [ RunTime:0.0004s ]
SQL: SHOW COLUMNS FROM `ysk_user` [ RunTime:0.0014s ]
SQL: SELECT * FROM `ysk_user` WHERE `userid` = 22 LIMIT 1   [ RunTime:0.0003s ]
INFO: [ view_parse ] --START--
INFO: [ template_filter ] --START--
INFO: Run Behavior\ContentReplaceBehavior [ RunTime:0.000100s ]
INFO: [ template_filter ] --END-- [ RunTime:0.000123s ]
NOTIC: [8] Undefined variable: _user_auth E:\ud.xiangxin.me\APP\Runtime\Cache\Admin\540e51629934de099727f1afba9c0afc.php 第 73 行.
INFO: Run Behavior\ParseTemplateBehavior [ RunTime:0.006771s ]
INFO: [ view_parse ] --END-- [ RunTime:0.006798s ]
INFO: [ view_filter ] --START--
INFO: Run Behavior\WriteHtmlCacheBehavior [ RunTime:0.000393s ]
INFO: [ view_filter ] --END-- [ RunTime:0.000413s ]
INFO: [ app_end ] --START--
INFO: Run Behavior\ShowPageTraceBehavior [ RunTime:0.000682s ]
INFO: [ app_end ] --END-- [ RunTime:0.000722s ]

[ 2020-04-08T20:30:40+08:00 ] 127.0.0.1 /Admin/User/adminrecharge/userid/22.html
INFO: [ app_init ] --START--
INFO: Run Behavior\BuildLiteBehavior [ RunTime:0.000007s ]
INFO: [ app_init ] --END-- [ RunTime:0.000029s ]
INFO: [ app_begin ] --START--
INFO: Run Behavior\ReadHtmlCacheBehavior [ RunTime:0.000500s ]
INFO: Run Common\Behavior\CheckLangBehavior [ RunTime:0.001053s ]
INFO: [ app_begin ] --END-- [ RunTime:0.001594s ]
NOTIC: [2] Declaration of Admin\Controller\UserController::setStatus($model = Admin\Controller\CONTROLLER_NAME) should be compatible with Admin\Controller\AdminController::setStatus($model = Admin\Controller\CONTROLLER_NAME, $script = false) E:\ud.xiangxin.me\APP\Admin\Controller\UserController.class.php 第 8 行.
NOTIC: [2] Use of undefined constant MODEL_INSERT - assumed 'MODEL_INSERT' (this will throw an Error in a future version of PHP) E:\ud.xiangxin.me\ThinkPHP\Common\functions.php 第 588 行.
SQL: SHOW COLUMNS FROM `ysk_admin` [ RunTime:0.0012s ]
SQL: SHOW COLUMNS FROM `ysk_group` [ RunTime:0.0012s ]
SQL: SHOW COLUMNS FROM `ysk_menu` [ RunTime:0.0013s ]
SQL: SHOW COLUMNS FROM `ysk_admin` [ RunTime:0.0011s ]
SQL: SELECT `auth_id` FROM `ysk_admin` WHERE `id` = 1 LIMIT 1   [ RunTime:0.0011s ]
SQL: SELECT `pid`,`gid`,`name` FROM `ysk_menu` WHERE `col` = 'User' AND `status` = 1 AND `level` = 2 LIMIT 1   [ RunTime:0.0010s ]
SQL: SELECT `name` FROM `ysk_menu` WHERE `id` = 7 LIMIT 1   [ RunTime:0.0002s ]
SQL: SELECT `name` FROM `ysk_menu` WHERE `id` = 1 LIMIT 1   [ RunTime:0.0002s ]
SQL: SELECT `auth_id` FROM `ysk_admin` WHERE `id` = 1 LIMIT 1   [ RunTime:0.0002s ]
SQL: SELECT * FROM `ysk_menu` WHERE `status` = 1 AND `level` = 1 AND `gid` = 1 ORDER BY sort asc, id asc  [ RunTime:0.0004s ]
SQL: SELECT * FROM `ysk_menu` WHERE `status` = 1 AND `level` = 2 AND `gid` = 1 ORDER BY sort asc, id asc  [ RunTime:0.0005s ]
SQL: SELECT `auth_id` FROM `ysk_admin` WHERE `id` = 1 LIMIT 1   [ RunTime:0.0003s ]
SQL: SELECT * FROM `ysk_menu` WHERE `status` = 1 AND `level` = 0 ORDER BY sort asc, id asc  [ RunTime:0.0005s ]
SQL: SELECT `col`,`act` FROM `ysk_menu` WHERE `level` = 2 AND `gid` = 1 ORDER BY sort asc, id asc LIMIT 1   [ RunTime:0.0006s ]
SQL: SELECT COUNT(1) AS tp_count FROM `ysk_menu` WHERE `col` = 'User' AND `act` = 'adminrecharge' LIMIT 1   [ RunTime:0.0005s ]
SQL: SHOW COLUMNS FROM `ysk_user` [ RunTime:0.0020s ]
SQL: SELECT * FROM `ysk_user` WHERE `userid` = 22 LIMIT 1   [ RunTime:0.0004s ]
INFO: [ view_parse ] --START--
INFO: [ template_filter ] --START--
INFO: Run Behavior\ContentReplaceBehavior [ RunTime:0.000101s ]
INFO: [ template_filter ] --END-- [ RunTime:0.000124s ]
NOTIC: [8] Undefined variable: _user_auth E:\ud.xiangxin.me\APP\Runtime\Cache\Admin\540e51629934de099727f1afba9c0afc.php 第 73 行.
INFO: Run Behavior\ParseTemplateBehavior [ RunTime:0.006902s ]
INFO: [ view_parse ] --END-- [ RunTime:0.006921s ]
INFO: [ view_filter ] --START--
INFO: Run Behavior\WriteHtmlCacheBehavior [ RunTime:0.000293s ]
INFO: [ view_filter ] --END-- [ RunTime:0.000309s ]
INFO: [ app_end ] --START--
INFO: Run Behavior\ShowPageTraceBehavior [ RunTime:0.000473s ]
INFO: [ app_end ] --END-- [ RunTime:0.000493s ]

